<?xml version="1.0" encoding="UTF-8" ?>
<testsuite errors="0" failures="0" hostname="Wenbins-MBP" name="ToDoListTest" skipped="0" tests="7" time="0.082" timestamp="2021-03-21T02:53:00">
  <properties>
[...]
</properties>
  <testcase classname="ToDoListTest" name="testAddTask" time="0.001" />
  <testcase classname="ToDoListTest" name="testGetResources" time="0.001" />
  <testcase classname="ToDoListTest" name="testGetDuration" time="0.0" />
  <testcase classname="ToDoListTest" name="testgetStatus" time="0.0" />
  <testcase classname="ToDoListTest" name="testRemoveTask" time="0.0" />
  <testcase classname="ToDoListTest" name="testGetAssignee" time="0.0" />
  <testcase classname="ToDoListTest" name="testGetUncompletedTasks" time="0.0" />
  <system-out><![CDATA[]]></system-out>
  <system-err><![CDATA[]]></system-err>
</testsuite>
